<?xml version="1.0" encoding="UTF-8"?>
<!-- Generated by org.testng.reporters.JUnitReportReporter -->
<testsuite hostname="DESKTOP-HIM16RN" failures="0" tests="1" name="com.orangehrm.testCases.LoginpageTest" time="5.480" errors="0" timestamp="2022-09-27T13:36:45 IST" skipped="0">
  <testcase classname="com.orangehrm.testCases.LoginpageTest" name="loginTest" time="5.480"/>
  <system-out>
    <![CDATA[Step 1:username is enter
<B><font color = 'blue'>Step1 .</font></B>entered username
Step 2:password is enter
<B><font color = 'blue'>Step2 .</font></B>entered password
Step 3:click on login button.
<B><font color = 'blue'>Step3 .</font></B>clicked on loginButton
<B><font color = 'blue'>Step4 .</font></B>clicked on leaveModule link]]>
  </system-out>
</testsuite> <!-- com.orangehrm.testCases.LoginpageTest -->
