<?xml version="1.0" encoding="UTF-8"?>
<!-- Generated by org.testng.reporters.JUnitReportReporter -->
<testsuite hostname="DESKTOP-HIM16RN" failures="0" tests="1" name="com.orangehrm.testCases.jquery.dragAndDrop" time="11.236" errors="0" timestamp="2022-09-28T11:02:53 IST" skipped="0">
  <testcase classname="com.orangehrm.testCases.jquery.dragAndDrop" name="test" time="11.236"/>
  <system-out/>
</testsuite> <!-- com.orangehrm.testCases.jquery.dragAndDrop -->
