<?xml version="1.0" encoding="UTF-8"?>
<!-- Generated by org.testng.reporters.JUnitReportReporter -->
<testsuite hostname="DESKTOP-HIM16RN" failures="0" tests="1" name="com.orangehrm.testCases.LeavepageTest" time="20.798" errors="0" timestamp="2022-09-28T10:47:05 IST" skipped="0">
  <testcase classname="com.orangehrm.testCases.LeavepageTest" name="leaveLink" time="20.798"/>
  <system-out>
    <![CDATA[<B><font color = 'blue'>Step1 .</font></B>entered username
<B><font color = 'blue'>Step2 .</font></B>entered password
<B><font color = 'blue'>Step3 .</font></B>clicked on loginButton
<B><font color = 'blue'>Step4 .</font></B>clicked on leaveModule link
<B><font color = 'blue'>Step5 .</font></B>clicked on leaveList link
<B><font color = 'blue'>Step6 .</font></B>entered from Date
<B><font color = 'blue'>Step7 .</font></B>entered to Date
<B><font color = 'blue'>Step8 .</font></B>clicked on showLeave drop down
<B><font color = 'blue'>Step9 .</font></B>clicked leaveType drop down]]>
  </system-out>
</testsuite> <!-- com.orangehrm.testCases.LeavepageTest -->
