<?xml version="1.0" encoding="UTF-8"?>
<!-- Generated by org.testng.reporters.JUnitReportReporter -->
<testsuite hostname="DESKTOP-HIM16RN" failures="0" tests="1" name="com.orangehrm.testCases.candidatesPageTest" time="44.284" errors="0" timestamp="2022-09-27T16:45:14 IST" skipped="0">
  <testcase classname="com.orangehrm.testCases.candidatesPageTest" name="test" time="44.284"/>
  <system-out>
    <![CDATA[<B><font color = 'blue'>Step1 .</font></B>entered username
<B><font color = 'blue'>Step2 .</font></B>entered password
<B><font color = 'blue'>Step3 .</font></B>clicked on loginButton
<B><font color = 'blue'>Step4 .</font></B>clicked on leaveModule link]]>
  </system-out>
</testsuite> <!-- com.orangehrm.testCases.candidatesPageTest -->
